<?xml version="1.0" encoding="UTF-8"?>
<testsuite xmlns:xsi="http://www.w3.org/2001/XMLSchema-instance" xsi:schemaLocation="https://maven.apache.org/surefire/maven-surefire-plugin/xsd/surefire-test-report.xsd" name="uk.ac.ed.inf.powergrab.AppTest" time="0.033" tests="30" errors="0" skipped="0" failures="30">
  <properties>
[...]
</properties>
  <testcase name="uk.ac.ed.inf.powergrab.AppTest.testNorthEastThenSouthEastThenSouthWestThenNorthWest" classname="uk.ac.ed.inf.powergrab.AppTest" time="0.004">
    <failure message="org/junit/Assert" type="java.lang.NoClassDefFoundError">java.lang.NoClassDefFoundError: org/junit/Assert
	at uk.ac.ed.inf.powergrab.AppTest.testNorthEastThenSouthEastThenSouthWestThenNorthWest(AppTest.java:91)
Caused by: java.lang.ClassNotFoundException: org.junit.Assert
	at java.net.URLClassLoader.findClass(URLClassLoader.java:381)
	at java.lang.ClassLoader.loadClass(ClassLoader.java:424)
	at sun.misc.Launcher$AppClassLoader.loadClass(Launcher.java:338)
	at java.lang.ClassLoader.loadClass(ClassLoader.java:357)
	... 13 more
</failure>
  </testcase>
  <testcase name="uk.ac.ed.inf.powergrab.AppTest.testNorthNorthEastThenSouthSouthWest" classname="uk.ac.ed.inf.powergrab.AppTest" time="0">
    <failure message="org/junit/Assert" type="java.lang.NoClassDefFoundError">java.lang.NoClassDefFoundError: org/junit/Assert
	at uk.ac.ed.inf.powergrab.AppTest.testNorthNorthEastThenSouthSouthWest(AppTest.java:170)
</failure>
  </testcase>
  <testcase name="uk.ac.ed.inf.powergrab.AppTest.testEastNorthEastThenWestSouthWest" classname="uk.ac.ed.inf.powergrab.AppTest" time="0">
    <failure message="org/junit/Assert" type="java.lang.NoClassDefFoundError">java.lang.NoClassDefFoundError: org/junit/Assert
	at uk.ac.ed.inf.powergrab.AppTest.testEastNorthEastThenWestSouthWest(AppTest.java:177)
</failure>
  </testcase>
  <testcase name="uk.ac.ed.inf.powergrab.AppTest.testEastSouthEastThenWestNorthWest" classname="uk.ac.ed.inf.powergrab.AppTest" time="0">
    <failure message="org/junit/Assert" type="java.lang.NoClassDefFoundError">java.lang.NoClassDefFoundError: org/junit/Assert
	at uk.ac.ed.inf.powergrab.AppTest.testEastSouthEastThenWestNorthWest(AppTest.java:191)
</failure>
  </testcase>
  <testcase name="uk.ac.ed.inf.powergrab.AppTest.testNorthNorthWestThenSouthSouthEast" classname="uk.ac.ed.inf.powergrab.AppTest" time="0">
    <failure message="org/junit/Assert" type="java.lang.NoClassDefFoundError">java.lang.NoClassDefFoundError: org/junit/Assert
	at uk.ac.ed.inf.powergrab.AppTest.testNorthNorthWestThenSouthSouthEast(AppTest.java:184)
</failure>
  </testcase>
  <testcase name="uk.ac.ed.inf.powergrab.AppTest.testSouthEastThenNorthWest" classname="uk.ac.ed.inf.powergrab.AppTest" time="0.001">
    <failure message="org/junit/Assert" type="java.lang.NoClassDefFoundError">java.lang.NoClassDefFoundError: org/junit/Assert
	at uk.ac.ed.inf.powergrab.AppTest.testSouthEastThenNorthWest(AppTest.java:156)
</failure>
  </testcase>
  <testcase name="uk.ac.ed.inf.powergrab.AppTest.testPositionConstructor" classname="uk.ac.ed.inf.powergrab.AppTest" time="0.002">
    <failure message="org/junit/Assert" type="java.lang.NoClassDefFoundError">java.lang.NoClassDefFoundError: org/junit/Assert
	at uk.ac.ed.inf.powergrab.AppTest.testPositionConstructor(AppTest.java:14)
</failure>
  </testcase>
  <testcase name="uk.ac.ed.inf.powergrab.AppTest.testNorthThenSouth" classname="uk.ac.ed.inf.powergrab.AppTest" time="0.001">
    <failure message="org/junit/Assert" type="java.lang.NoClassDefFoundError">java.lang.NoClassDefFoundError: org/junit/Assert
	at uk.ac.ed.inf.powergrab.AppTest.testNorthThenSouth(AppTest.java:66)
</failure>
  </testcase>
  <testcase name="uk.ac.ed.inf.powergrab.AppTest.testPositionLatitude" classname="uk.ac.ed.inf.powergrab.AppTest" time="0.001">
    <failure message="org/junit/Assert" type="java.lang.NoClassDefFoundError">java.lang.NoClassDefFoundError: org/junit/Assert
	at uk.ac.ed.inf.powergrab.AppTest.testPositionLatitude(AppTest.java:21)
</failure>
  </testcase>
  <testcase name="uk.ac.ed.inf.powergrab.AppTest.testSWisSouthWest" classname="uk.ac.ed.inf.powergrab.AppTest" time="0.001">
    <failure message="org/junit/Assert" type="java.lang.NoClassDefFoundError">java.lang.NoClassDefFoundError: org/junit/Assert
	at uk.ac.ed.inf.powergrab.AppTest.testSWisSouthWest(AppTest.java:123)
</failure>
  </testcase>
  <testcase name="uk.ac.ed.inf.powergrab.AppTest.testNEisNorthEast" classname="uk.ac.ed.inf.powergrab.AppTest" time="0.001">
    <failure message="org/junit/Assert" type="java.lang.NoClassDefFoundError">java.lang.NoClassDefFoundError: org/junit/Assert
	at uk.ac.ed.inf.powergrab.AppTest.testNEisNorthEast(AppTest.java:105)
</failure>
  </testcase>
  <testcase name="uk.ac.ed.inf.powergrab.AppTest.testSouthWestThenNorthEast" classname="uk.ac.ed.inf.powergrab.AppTest" time="0.001">
    <failure message="org/junit/Assert" type="java.lang.NoClassDefFoundError">java.lang.NoClassDefFoundError: org/junit/Assert
	at uk.ac.ed.inf.powergrab.AppTest.testSouthWestThenNorthEast(AppTest.java:163)
</failure>
  </testcase>
  <testcase name="uk.ac.ed.inf.powergrab.AppTest.testSSEthenSthenSE" classname="uk.ac.ed.inf.powergrab.AppTest" time="0">
    <failure message="org/junit/Assert" type="java.lang.NoClassDefFoundError">java.lang.NoClassDefFoundError: org/junit/Assert
	at uk.ac.ed.inf.powergrab.AppTest.testSSEthenSthenSE(AppTest.java:208)
</failure>
  </testcase>
  <testcase name="uk.ac.ed.inf.powergrab.AppTest.testPositionLongitude" classname="uk.ac.ed.inf.powergrab.AppTest" time="0">
    <failure message="org/junit/Assert" type="java.lang.NoClassDefFoundError">java.lang.NoClassDefFoundError: org/junit/Assert
	at uk.ac.ed.inf.powergrab.AppTest.testPositionLongitude(AppTest.java:26)
</failure>
  </testcase>
  <testcase name="uk.ac.ed.inf.powergrab.AppTest.testPositionOutOfPlayArea" classname="uk.ac.ed.inf.powergrab.AppTest" time="0">
    <failure message="org/junit/Assert" type="java.lang.NoClassDefFoundError">java.lang.NoClassDefFoundError: org/junit/Assert
	at uk.ac.ed.inf.powergrab.AppTest.testPositionOutOfPlayArea(AppTest.java:43)
</failure>
  </testcase>
  <testcase name="uk.ac.ed.inf.powergrab.AppTest.testNextPositionNotIdentity" classname="uk.ac.ed.inf.powergrab.AppTest" time="0">
    <failure message="org/junit/Assert" type="java.lang.NoClassDefFoundError">java.lang.NoClassDefFoundError: org/junit/Assert
	at uk.ac.ed.inf.powergrab.AppTest.testNextPositionNotIdentity(AppTest.java:59)
</failure>
  </testcase>
  <testcase name="uk.ac.ed.inf.powergrab.AppTest.testNorthThenEastIsNotNorthEast" classname="uk.ac.ed.inf.powergrab.AppTest" time="0.001">
    <failure message="org/junit/Assert" type="java.lang.NoClassDefFoundError">java.lang.NoClassDefFoundError: org/junit/Assert
	at uk.ac.ed.inf.powergrab.AppTest.testNorthThenEastIsNotNorthEast(AppTest.java:99)
</failure>
  </testcase>
  <testcase name="uk.ac.ed.inf.powergrab.AppTest.testNNEisNorthEast" classname="uk.ac.ed.inf.powergrab.AppTest" time="0">
    <failure message="org/junit/Assert" type="java.lang.NoClassDefFoundError">java.lang.NoClassDefFoundError: org/junit/Assert
	at uk.ac.ed.inf.powergrab.AppTest.testNNEisNorthEast(AppTest.java:111)
</failure>
  </testcase>
  <testcase name="uk.ac.ed.inf.powergrab.AppTest.testWSWisSouthWest" classname="uk.ac.ed.inf.powergrab.AppTest" time="0.001">
    <failure message="org/junit/Assert" type="java.lang.NoClassDefFoundError">java.lang.NoClassDefFoundError: org/junit/Assert
	at uk.ac.ed.inf.powergrab.AppTest.testWSWisSouthWest(AppTest.java:129)
</failure>
  </testcase>
  <testcase name="uk.ac.ed.inf.powergrab.AppTest.testBoundaryOutOfPlayArea" classname="uk.ac.ed.inf.powergrab.AppTest" time="0.001">
    <failure message="org/junit/Assert" type="java.lang.NoClassDefFoundError">java.lang.NoClassDefFoundError: org/junit/Assert
	at uk.ac.ed.inf.powergrab.AppTest.testBoundaryOutOfPlayArea(AppTest.java:37)
</failure>
  </testcase>
  <testcase name="uk.ac.ed.inf.powergrab.AppTest.testNorthEastThenSouthWest" classname="uk.ac.ed.inf.powergrab.AppTest" time="0.001">
    <failure message="org/junit/Assert" type="java.lang.NoClassDefFoundError">java.lang.NoClassDefFoundError: org/junit/Assert
	at uk.ac.ed.inf.powergrab.AppTest.testNorthEastThenSouthWest(AppTest.java:142)
</failure>
  </testcase>
  <testcase name="uk.ac.ed.inf.powergrab.AppTest.testNorthWestThenSouthEast" classname="uk.ac.ed.inf.powergrab.AppTest" time="0">
    <failure message="org/junit/Assert" type="java.lang.NoClassDefFoundError">java.lang.NoClassDefFoundError: org/junit/Assert
	at uk.ac.ed.inf.powergrab.AppTest.testNorthWestThenSouthEast(AppTest.java:149)
</failure>
  </testcase>
  <testcase name="uk.ac.ed.inf.powergrab.AppTest.testCentreInPlayArea" classname="uk.ac.ed.inf.powergrab.AppTest" time="0.001">
    <failure message="org/junit/Assert" type="java.lang.NoClassDefFoundError">java.lang.NoClassDefFoundError: org/junit/Assert
	at uk.ac.ed.inf.powergrab.AppTest.testCentreInPlayArea(AppTest.java:31)
</failure>
  </testcase>
  <testcase name="uk.ac.ed.inf.powergrab.AppTest.testNorthSouthEastWest" classname="uk.ac.ed.inf.powergrab.AppTest" time="0.001">
    <failure message="org/junit/Assert" type="java.lang.NoClassDefFoundError">java.lang.NoClassDefFoundError: org/junit/Assert
	at uk.ac.ed.inf.powergrab.AppTest.testNorthSouthEastWest(AppTest.java:82)
</failure>
  </testcase>
  <testcase name="uk.ac.ed.inf.powergrab.AppTest.testENEisNorthEast" classname="uk.ac.ed.inf.powergrab.AppTest" time="0">
    <failure message="org/junit/Assert" type="java.lang.NoClassDefFoundError">java.lang.NoClassDefFoundError: org/junit/Assert
	at uk.ac.ed.inf.powergrab.AppTest.testENEisNorthEast(AppTest.java:117)
</failure>
  </testcase>
  <testcase name="uk.ac.ed.inf.powergrab.AppTest.testSSWisSouthWest" classname="uk.ac.ed.inf.powergrab.AppTest" time="0">
    <failure message="org/junit/Assert" type="java.lang.NoClassDefFoundError">java.lang.NoClassDefFoundError: org/junit/Assert
	at uk.ac.ed.inf.powergrab.AppTest.testSSWisSouthWest(AppTest.java:135)
</failure>
  </testcase>
  <testcase name="uk.ac.ed.inf.powergrab.AppTest.testSSEthenSthenSEthenNEthenWNW" classname="uk.ac.ed.inf.powergrab.AppTest" time="0.002">
    <failure message="org/junit/Assert" type="java.lang.NoClassDefFoundError">java.lang.NoClassDefFoundError: org/junit/Assert
	at uk.ac.ed.inf.powergrab.AppTest.testSSEthenSthenSEthenNEthenWNW(AppTest.java:229)
</failure>
  </testcase>
  <testcase name="uk.ac.ed.inf.powergrab.AppTest.testSSEthenSthenSEthenNE" classname="uk.ac.ed.inf.powergrab.AppTest" time="0.002">
    <failure message="org/junit/Assert" type="java.lang.NoClassDefFoundError">java.lang.NoClassDefFoundError: org/junit/Assert
	at uk.ac.ed.inf.powergrab.AppTest.testSSEthenSthenSEthenNE(AppTest.java:218)
</failure>
  </testcase>
  <testcase name="uk.ac.ed.inf.powergrab.AppTest.testEastThenWest" classname="uk.ac.ed.inf.powergrab.AppTest" time="0.002">
    <failure message="org/junit/Assert" type="java.lang.NoClassDefFoundError">java.lang.NoClassDefFoundError: org/junit/Assert
	at uk.ac.ed.inf.powergrab.AppTest.testEastThenWest(AppTest.java:73)
</failure>
  </testcase>
  <testcase name="uk.ac.ed.inf.powergrab.AppTest.testSSEthenS" classname="uk.ac.ed.inf.powergrab.AppTest" time="0.002">
    <failure message="org/junit/Assert" type="java.lang.NoClassDefFoundError">java.lang.NoClassDefFoundError: org/junit/Assert
	at uk.ac.ed.inf.powergrab.AppTest.testSSEthenS(AppTest.java:199)
</failure>
  </testcase>
</testsuite>