<?xml version="1.0" encoding="UTF-8" ?>
<testsuite tests="30" failures="30" name="uk.ac.ed.inf.powergrab.AppTest" time="0.008" errors="0" skipped="0">
  <properties>
[...]
</properties>
  <testcase classname="uk.ac.ed.inf.powergrab.AppTest" name="uk.ac.ed.inf.powergrab.AppTest.testCentreInPlayArea" time="0.008">
    <failure message="org/junit/Assert" type="java.lang.NoClassDefFoundError">java.lang.NoClassDefFoundError: org/junit/Assert
	at uk.ac.ed.inf.powergrab.AppTest.testCentreInPlayArea(AppTest.java:31)
Caused by: java.lang.ClassNotFoundException: org.junit.Assert
	at java.net.URLClassLoader.findClass(URLClassLoader.java:382)
	at java.lang.ClassLoader.loadClass(ClassLoader.java:418)
	at sun.misc.Launcher$AppClassLoader.loadClass(Launcher.java:352)
	at java.lang.ClassLoader.loadClass(ClassLoader.java:351)
	... 19 more
</failure>
  </testcase>
  <testcase classname="uk.ac.ed.inf.powergrab.AppTest" name="uk.ac.ed.inf.powergrab.AppTest.testBoundaryOutOfPlayArea" time="0">
    <failure message="org/junit/Assert" type="java.lang.NoClassDefFoundError">java.lang.NoClassDefFoundError: org/junit/Assert
	at uk.ac.ed.inf.powergrab.AppTest.testBoundaryOutOfPlayArea(AppTest.java:37)
</failure>
  </testcase>
  <testcase classname="uk.ac.ed.inf.powergrab.AppTest" name="uk.ac.ed.inf.powergrab.AppTest.testPositionOutOfPlayArea" time="0">
    <failure message="org/junit/Assert" type="java.lang.NoClassDefFoundError">java.lang.NoClassDefFoundError: org/junit/Assert
	at uk.ac.ed.inf.powergrab.AppTest.testPositionOutOfPlayArea(AppTest.java:43)
</failure>
  </testcase>
  <testcase classname="uk.ac.ed.inf.powergrab.AppTest" name="uk.ac.ed.inf.powergrab.AppTest.testSSEthenS" time="0">
    <failure message="org/junit/Assert" type="java.lang.NoClassDefFoundError">java.lang.NoClassDefFoundError: org/junit/Assert
	at uk.ac.ed.inf.powergrab.AppTest.testSSEthenS(AppTest.java:199)
</failure>
  </testcase>
  <testcase classname="uk.ac.ed.inf.powergrab.AppTest" name="uk.ac.ed.inf.powergrab.AppTest.testSSEthenSthenSE" time="0">
    <failure message="org/junit/Assert" type="java.lang.NoClassDefFoundError">java.lang.NoClassDefFoundError: org/junit/Assert
	at uk.ac.ed.inf.powergrab.AppTest.testSSEthenSthenSE(AppTest.java:208)
</failure>
  </testcase>
  <testcase classname="uk.ac.ed.inf.powergrab.AppTest" name="uk.ac.ed.inf.powergrab.AppTest.testSSEthenSthenSEthenNE" time="0">
    <failure message="org/junit/Assert" type="java.lang.NoClassDefFoundError">java.lang.NoClassDefFoundError: org/junit/Assert
	at uk.ac.ed.inf.powergrab.AppTest.testSSEthenSthenSEthenNE(AppTest.java:218)
</failure>
  </testcase>
  <testcase classname="uk.ac.ed.inf.powergrab.AppTest" name="uk.ac.ed.inf.powergrab.AppTest.testSSEthenSthenSEthenNEthenWNW" time="0">
    <failure message="org/junit/Assert" type="java.lang.NoClassDefFoundError">java.lang.NoClassDefFoundError: org/junit/Assert
	at uk.ac.ed.inf.powergrab.AppTest.testSSEthenSthenSEthenNEthenWNW(AppTest.java:229)
</failure>
  </testcase>
  <testcase classname="uk.ac.ed.inf.powergrab.AppTest" name="uk.ac.ed.inf.powergrab.AppTest.testNextPositionNotIdentity" time="0">
    <failure message="org/junit/Assert" type="java.lang.NoClassDefFoundError">java.lang.NoClassDefFoundError: org/junit/Assert
	at uk.ac.ed.inf.powergrab.AppTest.testNextPositionNotIdentity(AppTest.java:59)
</failure>
  </testcase>
  <testcase classname="uk.ac.ed.inf.powergrab.AppTest" name="uk.ac.ed.inf.powergrab.AppTest.testPositionLatitude" time="0">
    <failure message="org/junit/Assert" type="java.lang.NoClassDefFoundError">java.lang.NoClassDefFoundError: org/junit/Assert
	at uk.ac.ed.inf.powergrab.AppTest.testPositionLatitude(AppTest.java:21)
</failure>
  </testcase>
  <testcase classname="uk.ac.ed.inf.powergrab.AppTest" name="uk.ac.ed.inf.powergrab.AppTest.testPositionLongitude" time="0">
    <failure message="org/junit/Assert" type="java.lang.NoClassDefFoundError">java.lang.NoClassDefFoundError: org/junit/Assert
	at uk.ac.ed.inf.powergrab.AppTest.testPositionLongitude(AppTest.java:26)
</failure>
  </testcase>
  <testcase classname="uk.ac.ed.inf.powergrab.AppTest" name="uk.ac.ed.inf.powergrab.AppTest.testNorthThenSouth" time="0">
    <failure message="org/junit/Assert" type="java.lang.NoClassDefFoundError">java.lang.NoClassDefFoundError: org/junit/Assert
	at uk.ac.ed.inf.powergrab.AppTest.testNorthThenSouth(AppTest.java:66)
</failure>
  </testcase>
  <testcase classname="uk.ac.ed.inf.powergrab.AppTest" name="uk.ac.ed.inf.powergrab.AppTest.testEastThenWest" time="0">
    <failure message="org/junit/Assert" type="java.lang.NoClassDefFoundError">java.lang.NoClassDefFoundError: org/junit/Assert
	at uk.ac.ed.inf.powergrab.AppTest.testEastThenWest(AppTest.java:73)
</failure>
  </testcase>
  <testcase classname="uk.ac.ed.inf.powergrab.AppTest" name="uk.ac.ed.inf.powergrab.AppTest.testNorthSouthEastWest" time="0">
    <failure message="org/junit/Assert" type="java.lang.NoClassDefFoundError">java.lang.NoClassDefFoundError: org/junit/Assert
	at uk.ac.ed.inf.powergrab.AppTest.testNorthSouthEastWest(AppTest.java:82)
</failure>
  </testcase>
  <testcase classname="uk.ac.ed.inf.powergrab.AppTest" name="uk.ac.ed.inf.powergrab.AppTest.testNorthEastThenSouthEastThenSouthWestThenNorthWest" time="0">
    <failure message="org/junit/Assert" type="java.lang.NoClassDefFoundError">java.lang.NoClassDefFoundError: org/junit/Assert
	at uk.ac.ed.inf.powergrab.AppTest.testNorthEastThenSouthEastThenSouthWestThenNorthWest(AppTest.java:91)
</failure>
  </testcase>
  <testcase classname="uk.ac.ed.inf.powergrab.AppTest" name="uk.ac.ed.inf.powergrab.AppTest.testNorthThenEastIsNotNorthEast" time="0">
    <failure message="org/junit/Assert" type="java.lang.NoClassDefFoundError">java.lang.NoClassDefFoundError: org/junit/Assert
	at uk.ac.ed.inf.powergrab.AppTest.testNorthThenEastIsNotNorthEast(AppTest.java:99)
</failure>
  </testcase>
  <testcase classname="uk.ac.ed.inf.powergrab.AppTest" name="uk.ac.ed.inf.powergrab.AppTest.testNEisNorthEast" time="0">
    <failure message="org/junit/Assert" type="java.lang.NoClassDefFoundError">java.lang.NoClassDefFoundError: org/junit/Assert
	at uk.ac.ed.inf.powergrab.AppTest.testNEisNorthEast(AppTest.java:105)
</failure>
  </testcase>
  <testcase classname="uk.ac.ed.inf.powergrab.AppTest" name="uk.ac.ed.inf.powergrab.AppTest.testNNEisNorthEast" time="0">
    <failure message="org/junit/Assert" type="java.lang.NoClassDefFoundError">java.lang.NoClassDefFoundError: org/junit/Assert
	at uk.ac.ed.inf.powergrab.AppTest.testNNEisNorthEast(AppTest.java:111)
</failure>
  </testcase>
  <testcase classname="uk.ac.ed.inf.powergrab.AppTest" name="uk.ac.ed.inf.powergrab.AppTest.testENEisNorthEast" time="0">
    <failure message="org/junit/Assert" type="java.lang.NoClassDefFoundError">java.lang.NoClassDefFoundError: org/junit/Assert
	at uk.ac.ed.inf.powergrab.AppTest.testENEisNorthEast(AppTest.java:117)
</failure>
  </testcase>
  <testcase classname="uk.ac.ed.inf.powergrab.AppTest" name="uk.ac.ed.inf.powergrab.AppTest.testSWisSouthWest" time="0">
    <failure message="org/junit/Assert" type="java.lang.NoClassDefFoundError">java.lang.NoClassDefFoundError: org/junit/Assert
	at uk.ac.ed.inf.powergrab.AppTest.testSWisSouthWest(AppTest.java:123)
</failure>
  </testcase>
  <testcase classname="uk.ac.ed.inf.powergrab.AppTest" name="uk.ac.ed.inf.powergrab.AppTest.testWSWisSouthWest" time="0">
    <failure message="org/junit/Assert" type="java.lang.NoClassDefFoundError">java.lang.NoClassDefFoundError: org/junit/Assert
	at uk.ac.ed.inf.powergrab.AppTest.testWSWisSouthWest(AppTest.java:129)
</failure>
  </testcase>
  <testcase classname="uk.ac.ed.inf.powergrab.AppTest" name="uk.ac.ed.inf.powergrab.AppTest.testSSWisSouthWest" time="0">
    <failure message="org/junit/Assert" type="java.lang.NoClassDefFoundError">java.lang.NoClassDefFoundError: org/junit/Assert
	at uk.ac.ed.inf.powergrab.AppTest.testSSWisSouthWest(AppTest.java:135)
</failure>
  </testcase>
  <testcase classname="uk.ac.ed.inf.powergrab.AppTest" name="uk.ac.ed.inf.powergrab.AppTest.testNorthEastThenSouthWest" time="0">
    <failure message="org/junit/Assert" type="java.lang.NoClassDefFoundError">java.lang.NoClassDefFoundError: org/junit/Assert
	at uk.ac.ed.inf.powergrab.AppTest.testNorthEastThenSouthWest(AppTest.java:142)
</failure>
  </testcase>
  <testcase classname="uk.ac.ed.inf.powergrab.AppTest" name="uk.ac.ed.inf.powergrab.AppTest.testNorthWestThenSouthEast" time="0">
    <failure message="org/junit/Assert" type="java.lang.NoClassDefFoundError">java.lang.NoClassDefFoundError: org/junit/Assert
	at uk.ac.ed.inf.powergrab.AppTest.testNorthWestThenSouthEast(AppTest.java:149)
</failure>
  </testcase>
  <testcase classname="uk.ac.ed.inf.powergrab.AppTest" name="uk.ac.ed.inf.powergrab.AppTest.testSouthEastThenNorthWest" time="0">
    <failure message="org/junit/Assert" type="java.lang.NoClassDefFoundError">java.lang.NoClassDefFoundError: org/junit/Assert
	at uk.ac.ed.inf.powergrab.AppTest.testSouthEastThenNorthWest(AppTest.java:156)
</failure>
  </testcase>
  <testcase classname="uk.ac.ed.inf.powergrab.AppTest" name="uk.ac.ed.inf.powergrab.AppTest.testSouthWestThenNorthEast" time="0">
    <failure message="org/junit/Assert" type="java.lang.NoClassDefFoundError">java.lang.NoClassDefFoundError: org/junit/Assert
	at uk.ac.ed.inf.powergrab.AppTest.testSouthWestThenNorthEast(AppTest.java:163)
</failure>
  </testcase>
  <testcase classname="uk.ac.ed.inf.powergrab.AppTest" name="uk.ac.ed.inf.powergrab.AppTest.testNorthNorthEastThenSouthSouthWest" time="0">
    <failure message="org/junit/Assert" type="java.lang.NoClassDefFoundError">java.lang.NoClassDefFoundError: org/junit/Assert
	at uk.ac.ed.inf.powergrab.AppTest.testNorthNorthEastThenSouthSouthWest(AppTest.java:170)
</failure>
  </testcase>
  <testcase classname="uk.ac.ed.inf.powergrab.AppTest" name="uk.ac.ed.inf.powergrab.AppTest.testEastNorthEastThenWestSouthWest" time="0">
    <failure message="org/junit/Assert" type="java.lang.NoClassDefFoundError">java.lang.NoClassDefFoundError: org/junit/Assert
	at uk.ac.ed.inf.powergrab.AppTest.testEastNorthEastThenWestSouthWest(AppTest.java:177)
</failure>
  </testcase>
  <testcase classname="uk.ac.ed.inf.powergrab.AppTest" name="uk.ac.ed.inf.powergrab.AppTest.testNorthNorthWestThenSouthSouthEast" time="0">
    <failure message="org/junit/Assert" type="java.lang.NoClassDefFoundError">java.lang.NoClassDefFoundError: org/junit/Assert
	at uk.ac.ed.inf.powergrab.AppTest.testNorthNorthWestThenSouthSouthEast(AppTest.java:184)
</failure>
  </testcase>
  <testcase classname="uk.ac.ed.inf.powergrab.AppTest" name="uk.ac.ed.inf.powergrab.AppTest.testEastSouthEastThenWestNorthWest" time="0">
    <failure message="org/junit/Assert" type="java.lang.NoClassDefFoundError">java.lang.NoClassDefFoundError: org/junit/Assert
	at uk.ac.ed.inf.powergrab.AppTest.testEastSouthEastThenWestNorthWest(AppTest.java:191)
</failure>
  </testcase>
  <testcase classname="uk.ac.ed.inf.powergrab.AppTest" name="uk.ac.ed.inf.powergrab.AppTest.testPositionConstructor" time="0">
    <failure message="org/junit/Assert" type="java.lang.NoClassDefFoundError">java.lang.NoClassDefFoundError: org/junit/Assert
	at uk.ac.ed.inf.powergrab.AppTest.testPositionConstructor(AppTest.java:14)
</failure>
  </testcase>
</testsuite>